INFO [2020-09-29 18:36:13] [[1]]
INFO [2020-09-29 18:36:13] ASOC
INFO [2020-09-29 18:36:13] 
INFO [2020-09-29 18:36:13] $filename
INFO [2020-09-29 18:36:13] [1] "VennDiagram.png"
INFO [2020-09-29 18:36:13] 
INFO [2020-09-29 18:36:13] $col
INFO [2020-09-29 18:36:13] [1] "transparent"
INFO [2020-09-29 18:36:13] 
INFO [2020-09-29 18:36:13] $fill
INFO [2020-09-29 18:36:13] c("#730CBB", "#F7C422", "#C049E6", "#13B7B3", "#13B725")
INFO [2020-09-29 18:36:13] 
INFO [2020-09-29 18:36:13] $cex
INFO [2020-09-29 18:36:13] [1] 2
INFO [2020-09-29 18:36:13] 
INFO [2020-09-29 18:36:13] $compression
INFO [2020-09-29 18:36:13] [1] "lzw"
INFO [2020-09-29 18:36:13] 
INFO [2020-09-29 18:36:13] $alpha
INFO [2020-09-29 18:36:13] [1] 0.7
INFO [2020-09-29 18:36:13] 
INFO [2020-09-29 18:36:13] $resolution
INFO [2020-09-29 18:36:13] [1] 300
INFO [2020-09-29 18:36:13] 
