INFO [2020-09-29 18:35:01] [[1]]
INFO [2020-09-29 18:35:01] ASOC
INFO [2020-09-29 18:35:01] 
INFO [2020-09-29 18:35:01] $filename
INFO [2020-09-29 18:35:01] [1] "VennDiagram.png"
INFO [2020-09-29 18:35:01] 
INFO [2020-09-29 18:35:01] $col
INFO [2020-09-29 18:35:01] [1] "transparent"
INFO [2020-09-29 18:35:01] 
INFO [2020-09-29 18:35:01] $fill
INFO [2020-09-29 18:35:01] c("#730CBB", "#F7C422", "#C049E6", "#13B7B3", "#13B725")
INFO [2020-09-29 18:35:01] 
INFO [2020-09-29 18:35:01] $cex
INFO [2020-09-29 18:35:01] [1] 2
INFO [2020-09-29 18:35:01] 
INFO [2020-09-29 18:35:01] $compression
INFO [2020-09-29 18:35:01] [1] "lzw"
INFO [2020-09-29 18:35:01] 
INFO [2020-09-29 18:35:01] $alpha
INFO [2020-09-29 18:35:01] [1] 0.7
INFO [2020-09-29 18:35:01] 
INFO [2020-09-29 18:35:01] $resolution
INFO [2020-09-29 18:35:01] [1] 300
INFO [2020-09-29 18:35:01] 
